0 verbose cli /data/data/com.termux/files/usr/bin/node /data/data/com.termux/files/usr/bin/npm
1 info using npm@8.19.2
2 info using node@v18.10.0
3 timing npm:load:whichnode Completed in 1ms
4 timing config:load:defaults Completed in 6ms
5 timing config:load:file:/data/data/com.termux/files/usr/lib/node_modules/npm/npmrc Completed in 3ms
6 timing config:load:builtin Completed in 3ms
7 timing config:load:cli Completed in 5ms
8 timing config:load:env Completed in 1ms
9 timing config:load:file:/data/data/com.termux/files/home/storage/youtube2mp3-main/.npmrc Completed in 0ms
10 timing config:load:project Completed in 6ms
11 timing config:load:file:/data/data/com.termux/files/home/.npmrc Completed in 4ms
12 timing config:load:user Completed in 6ms
13 timing config:load:file:/data/data/com.termux/files/usr/etc/npmrc Completed in 0ms
14 timing config:load:global Completed in 1ms
15 timing config:load:validate Completed in 1ms
16 timing config:load:credentials Completed in 6ms
17 timing config:load:setEnvs Completed in 3ms
18 timing config:load Completed in 44ms
19 timing npm:load:configload Completed in 45ms
20 timing npm:load:mkdirpcache Completed in 4ms
21 timing npm:load:mkdirplogs Completed in 1ms
22 verbose title npm init
23 verbose argv "init"
24 timing npm:load:setTitle Completed in 4ms
25 timing config:load:flatten Completed in 11ms
26 timing npm:load:display Completed in 17ms
27 verbose logfile logs-max:10 dir:/data/data/com.termux/files/home/.npm/_logs
28 verbose logfile /data/data/com.termux/files/home/.npm/_logs/2022-10-28T12_05_35_745Z-debug-0.log
29 timing npm:load:logFile Completed in 23ms
30 timing npm:load:timers Completed in 0ms
31 timing npm:load:configScope Completed in 0ms
32 timing npm:load Completed in 100ms
33 silly logfile start cleaning logs, removing 1 files
34 silly logfile done cleaning log files
35 silly package data {
35 silly package data   name: 'youtube2mp3',
35 silly package data   version: '1.0.0',
35 silly package data   description: 'App that converts a youtube video to mp3',
35 silly package data   main: 'app.js',
35 silly package data   scripts: {
35 silly package data     dev: 'nodemon app.js',
35 silly package data     test: 'echo "Error: no test specified" && exit 1'
35 silly package data   },
35 silly package data   author: 'Miguel Nunez',
35 silly package data   license: 'ISC',
35 silly package data   dependencies: {
35 silly package data     dotenv: '^10.0.0',
35 silly package data     ejs: '^3.1.6',
35 silly package data     express: '^4.17.1',
35 silly package data     'node-fetch': '^2.6.1',
35 silly package data     request: '^2.88.2'
35 silly package data   },
35 silly package data   devDependencies: { nodemon: '^2.0.12' },
35 silly package data   [Symbol(newline)]: '\n',
35 silly package data   [Symbol(indent)]: '  '
35 silly package data }
36 info init written successfully
37 timing command:init Completed in 3705ms
38 verbose exit 0
39 timing npm Completed in 4410ms
40 info ok
