0 verbose cli /data/data/com.termux/files/usr/bin/node /data/data/com.termux/files/usr/bin/npm
1 info using npm@8.19.2
2 info using node@v18.10.0
3 timing npm:load:whichnode Completed in 1ms
4 timing config:load:defaults Completed in 11ms
5 timing config:load:file:/data/data/com.termux/files/usr/lib/node_modules/npm/npmrc Completed in 4ms
6 timing config:load:builtin Completed in 6ms
7 timing config:load:cli Completed in 7ms
8 timing config:load:env Completed in 2ms
9 timing config:load:file:/data/data/com.termux/files/home/storage/youtube2mp3-main/.npmrc Completed in 1ms
10 timing config:load:project Completed in 34ms
11 timing config:load:file:/data/data/com.termux/files/home/.npmrc Completed in 5ms
12 timing config:load:user Completed in 7ms
13 timing config:load:file:/data/data/com.termux/files/usr/etc/npmrc Completed in 1ms
14 timing config:load:global Completed in 1ms
15 timing config:load:validate Completed in 2ms
16 timing config:load:credentials Completed in 5ms
17 timing config:load:setEnvs Completed in 6ms
18 timing config:load Completed in 84ms
19 timing npm:load:configload Completed in 85ms
20 timing npm:load:mkdirpcache Completed in 15ms
21 timing npm:load:mkdirplogs Completed in 3ms
22 verbose title npm install
23 verbose argv "install"
24 timing npm:load:setTitle Completed in 12ms
25 timing config:load:flatten Completed in 29ms
26 timing npm:load:display Completed in 42ms
27 verbose logfile logs-max:10 dir:/data/data/com.termux/files/home/.npm/_logs
28 verbose logfile /data/data/com.termux/files/home/.npm/_logs/2022-10-28T12_13_05_793Z-debug-0.log
29 timing npm:load:logFile Completed in 42ms
30 timing npm:load:timers Completed in 1ms
31 timing npm:load:configScope Completed in 0ms
32 timing npm:load Completed in 206ms
33 timing arborist:ctor Completed in 4ms
34 silly logfile start cleaning logs, removing 1 files
35 silly logfile done cleaning log files
36 timing idealTree:init Completed in 1126ms
37 warn old lockfile
37 warn old lockfile The package-lock.json file was created with an old version of npm,
37 warn old lockfile so supplemental metadata must be fetched from the registry.
37 warn old lockfile
37 warn old lockfile This is a one-time fix-up, please be patient...
37 warn old lockfile
38 timing npm Completed in 1824ms
39 verbose unfinished npm timer command:install 1666959186432
40 verbose unfinished npm timer reify 1666959186444
41 verbose unfinished npm timer reify:loadTrees 1666959186478
42 verbose unfinished npm timer idealTree 1666959186480
43 verbose unfinished npm timer idealTree:inflate 1666959187608
44 info ok
45 error Exit handler never called!
46 error This is an error with npm itself. Please report this error at:
47 error     <https://github.com/npm/cli/issues>
48 error A complete log of this run can be found in:
48 error     /data/data/com.termux/files/home/.npm/_logs/2022-10-28T12_13_05_793Z-debug-0.log
