0 verbose cli /data/data/com.termux/files/usr/bin/node /data/data/com.termux/files/usr/bin/npm
1 info using npm@8.19.2
2 info using node@v18.10.0
3 timing npm:load:whichnode Completed in 0ms
4 timing config:load:defaults Completed in 7ms
5 timing config:load:file:/data/data/com.termux/files/usr/lib/node_modules/npm/npmrc Completed in 2ms
6 timing config:load:builtin Completed in 4ms
7 timing config:load:cli Completed in 5ms
8 timing config:load:env Completed in 1ms
9 timing config:load:file:/data/data/com.termux/files/home/storage/youtube2mp3-main/.npmrc Completed in 0ms
10 timing config:load:project Completed in 11ms
11 timing config:load:file:/data/data/com.termux/files/home/.npmrc Completed in 2ms
12 timing config:load:user Completed in 4ms
13 timing config:load:file:/data/data/com.termux/files/usr/etc/npmrc Completed in 1ms
14 timing config:load:global Completed in 1ms
15 timing config:load:validate Completed in 1ms
16 timing config:load:credentials Completed in 3ms
17 timing config:load:setEnvs Completed in 3ms
18 timing config:load Completed in 45ms
19 timing npm:load:configload Completed in 45ms
20 timing npm:load:mkdirpcache Completed in 4ms
21 timing npm:load:mkdirplogs Completed in 1ms
22 verbose title npm install node-fetch
23 verbose argv "install" "node-fetch"
24 timing npm:load:setTitle Completed in 5ms
25 timing config:load:flatten Completed in 12ms
26 timing npm:load:display Completed in 17ms
27 verbose logfile logs-max:10 dir:/data/data/com.termux/files/home/.npm/_logs
28 verbose logfile /data/data/com.termux/files/home/.npm/_logs/2022-10-28T12_11_52_161Z-debug-0.log
29 timing npm:load:logFile Completed in 19ms
30 timing npm:load:timers Completed in 0ms
31 timing npm:load:configScope Completed in 0ms
32 timing npm:load Completed in 97ms
33 timing arborist:ctor Completed in 4ms
34 silly logfile start cleaning logs, removing 1 files
35 silly logfile done cleaning log files
36 timing idealTree:init Completed in 631ms
37 warn old lockfile
37 warn old lockfile The package-lock.json file was created with an old version of npm,
37 warn old lockfile so supplemental metadata must be fetched from the registry.
37 warn old lockfile
37 warn old lockfile This is a one-time fix-up, please be patient...
37 warn old lockfile
38 timing npm Completed in 1130ms
39 verbose unfinished npm timer command:install 1666959112552
40 verbose unfinished npm timer reify 1666959112565
41 verbose unfinished npm timer reify:loadTrees 1666959112603
42 verbose unfinished npm timer idealTree 1666959112606
43 verbose unfinished npm timer idealTree:inflate 1666959113239
44 info ok
45 error Exit handler never called!
46 error This is an error with npm itself. Please report this error at:
47 error     <https://github.com/npm/cli/issues>
48 error A complete log of this run can be found in:
48 error     /data/data/com.termux/files/home/.npm/_logs/2022-10-28T12_11_52_161Z-debug-0.log
